2024-07-13 00:40:00,473 :[INFO]: == Activate onomatopoeia auto-generation mode ==
2024-07-13 00:40:00,474 :[INFO]: 1 generated word : パタパタ
2024-07-13 00:40:00,474 :[INFO]: Start to generate file
2024-07-13 00:40:00,474 :[INFO]: セパレートファイル名 : 20240713004000474751.wav
2024-07-13 00:40:00,995 :[INFO]: セパレートファイル生成完了
2024-07-13 00:40:00,995 :[INFO]: 次の作業に移行します
2024-07-13 00:40:00,995 :[INFO]: 2 generated word : ふわふわ
2024-07-13 00:40:00,995 :[INFO]: Start to generate file
2024-07-13 00:40:00,995 :[INFO]: セパレートファイル名 : 20240713004000995466.wav
2024-07-13 00:40:01,474 :[INFO]: セパレートファイル生成完了
2024-07-13 00:40:01,474 :[INFO]: 次の作業に移行します
2024-07-13 00:40:01,474 :[INFO]: 3 generated word : ひょろひょろ
2024-07-13 00:40:01,474 :[INFO]: Start to generate file
2024-07-13 00:40:01,474 :[INFO]: セパレートファイル名 : 20240713004001474941.wav
2024-07-13 00:40:01,934 :[INFO]: セパレートファイル生成完了
2024-07-13 00:40:01,934 :[INFO]: 次の作業に移行します
2024-07-13 00:40:01,935 :[INFO]: 4 generated word : クンクン
2024-07-13 00:40:01,935 :[INFO]: Start to generate file
2024-07-13 00:40:01,935 :[INFO]: セパレートファイル名 : 20240713004001935173.wav
2024-07-13 00:40:02,396 :[INFO]: セパレートファイル生成完了
2024-07-13 00:40:02,396 :[INFO]: 次の作業に移行します
2024-07-13 00:40:02,396 :[INFO]: 5 generated word : バキバキ
2024-07-13 00:40:02,396 :[INFO]: Start to generate file
2024-07-13 00:40:02,396 :[INFO]: セパレートファイル名 : 20240713004002396787.wav
2024-07-13 00:40:02,867 :[INFO]: セパレートファイル生成完了
2024-07-13 00:40:02,867 :[INFO]: 次の作業に移行します
2024-07-13 00:40:02,867 :[INFO]: 6 generated word : ぼうっと
2024-07-13 00:40:02,867 :[INFO]: Start to generate file
2024-07-13 00:40:02,867 :[INFO]: セパレートファイル名 : 20240713004002867495.wav
2024-07-13 00:40:03,325 :[INFO]: セパレートファイル生成完了
2024-07-13 00:40:03,325 :[INFO]: 次の作業に移行します
2024-07-13 00:40:03,325 :[INFO]: 7 generated word : メラメラ
2024-07-13 00:40:03,325 :[INFO]: Start to generate file
2024-07-13 00:40:03,325 :[INFO]: セパレートファイル名 : 20240713004003325742.wav
2024-07-13 00:40:03,780 :[INFO]: セパレートファイル生成完了
2024-07-13 00:40:03,780 :[INFO]: 次の作業に移行します
2024-07-13 00:40:03,780 :[INFO]: 8 generated word : ゆらゆら
2024-07-13 00:40:03,780 :[INFO]: Start to generate file
2024-07-13 00:40:03,780 :[INFO]: セパレートファイル名 : 20240713004003780554.wav
2024-07-13 00:40:04,283 :[INFO]: セパレートファイル生成完了
2024-07-13 00:40:04,283 :[INFO]: 次の作業に移行します
2024-07-13 00:40:04,283 :[INFO]: ファイルの結合を開始します
2024-07-13 00:40:04,296 :[INFO]: 結合完了 : 完成したファイル名 -> 20240713004004284378.wav
2024-07-13 00:40:04,296 :[INFO]: 以上で動作を終了します
2024-07-13 00:40:49,433 :[INFO]: == Activate onomatopoeia auto-generation mode ==
2024-07-13 00:40:49,434 :[INFO]: 1 generated word : もじもじ
2024-07-13 00:40:49,434 :[INFO]: Start to generate file
2024-07-13 00:40:49,435 :[INFO]: セパレートファイル名 : 20240713004049435107.wav
2024-07-13 00:40:49,988 :[INFO]: セパレートファイル生成完了
2024-07-13 00:40:49,988 :[INFO]: 次の作業に移行します
2024-07-13 00:40:49,989 :[INFO]: 2 generated word : そよそよ
2024-07-13 00:40:49,989 :[INFO]: Start to generate file
2024-07-13 00:40:49,989 :[INFO]: セパレートファイル名 : 20240713004049989205.wav
2024-07-13 00:40:50,475 :[INFO]: セパレートファイル生成完了
2024-07-13 00:40:50,476 :[INFO]: 次の作業に移行します
2024-07-13 00:40:50,476 :[INFO]: 3 generated word : ピーポーピーポー
2024-07-13 00:40:50,476 :[INFO]: Start to generate file
2024-07-13 00:40:50,476 :[INFO]: セパレートファイル名 : 20240713004050476266.wav
2024-07-13 00:40:51,060 :[INFO]: セパレートファイル生成完了
2024-07-13 00:40:51,060 :[INFO]: 次の作業に移行します
2024-07-13 00:40:51,060 :[INFO]: 4 generated word : ゴホゴホ
2024-07-13 00:40:51,060 :[INFO]: Start to generate file
2024-07-13 00:40:51,060 :[INFO]: セパレートファイル名 : 20240713004051060882.wav
2024-07-13 00:40:51,522 :[INFO]: セパレートファイル生成完了
2024-07-13 00:40:51,522 :[INFO]: 次の作業に移行します
2024-07-13 00:40:51,522 :[INFO]: 5 generated word : ガオー
2024-07-13 00:40:51,522 :[INFO]: Start to generate file
2024-07-13 00:40:51,522 :[INFO]: セパレートファイル名 : 20240713004051522928.wav
2024-07-13 00:40:51,958 :[INFO]: セパレートファイル生成完了
2024-07-13 00:40:51,959 :[INFO]: 次の作業に移行します
2024-07-13 00:40:51,959 :[INFO]: 6 generated word : ムチムチ
2024-07-13 00:40:51,959 :[INFO]: Start to generate file
2024-07-13 00:40:51,959 :[INFO]: セパレートファイル名 : 20240713004051959592.wav
2024-07-13 00:40:52,441 :[INFO]: セパレートファイル生成完了
2024-07-13 00:40:52,441 :[INFO]: 次の作業に移行します
2024-07-13 00:40:52,441 :[INFO]: 7 generated word : ムシムシ
2024-07-13 00:40:52,442 :[INFO]: Start to generate file
2024-07-13 00:40:52,442 :[INFO]: セパレートファイル名 : 20240713004052442113.wav
2024-07-13 00:40:52,913 :[INFO]: セパレートファイル生成完了
2024-07-13 00:40:52,913 :[INFO]: 次の作業に移行します
2024-07-13 00:40:52,913 :[INFO]: 8 generated word : くすくす
2024-07-13 00:40:52,913 :[INFO]: Start to generate file
2024-07-13 00:40:52,913 :[INFO]: セパレートファイル名 : 20240713004052913787.wav
2024-07-13 00:40:53,363 :[INFO]: セパレートファイル生成完了
2024-07-13 00:40:53,363 :[INFO]: 次の作業に移行します
2024-07-13 00:40:53,363 :[INFO]: ファイルの結合を開始します
2024-07-13 00:40:53,376 :[INFO]: 結合完了 : 完成したファイル名 -> 20240713004053364579.wav
2024-07-13 00:40:53,376 :[INFO]: 以上で動作を終了します
2024-07-13 00:50:57,494 :[INFO]: == Activate onomatopoeia auto-generation mode ==
2024-07-13 00:50:57,495 :[INFO]: 1 generated word : ぬめぬめ
2024-07-13 00:50:57,496 :[INFO]: Start to generate file
2024-07-13 00:50:57,496 :[INFO]: セパレートファイル名 : 20240713005057496218.wav
2024-07-13 00:50:58,033 :[INFO]: セパレートファイル生成完了
2024-07-13 00:50:58,034 :[INFO]: 次の作業に移行します
2024-07-13 00:50:58,034 :[INFO]: 2 generated word : パンパン
2024-07-13 00:50:58,034 :[INFO]: Start to generate file
2024-07-13 00:50:58,034 :[INFO]: セパレートファイル名 : 20240713005058034332.wav
2024-07-13 00:50:58,509 :[INFO]: セパレートファイル生成完了
2024-07-13 00:50:58,509 :[INFO]: 次の作業に移行します
2024-07-13 00:50:58,509 :[INFO]: 3 generated word : トントン
2024-07-13 00:50:58,510 :[INFO]: Start to generate file
2024-07-13 00:50:58,510 :[INFO]: セパレートファイル名 : 20240713005058510100.wav
2024-07-13 00:50:58,962 :[INFO]: セパレートファイル生成完了
2024-07-13 00:50:58,962 :[INFO]: 次の作業に移行します
2024-07-13 00:50:58,962 :[INFO]: 4 generated word : もぐもぐ
2024-07-13 00:50:58,962 :[INFO]: Start to generate file
2024-07-13 00:50:58,962 :[INFO]: セパレートファイル名 : 20240713005058962775.wav
2024-07-13 00:50:59,420 :[INFO]: セパレートファイル生成完了
2024-07-13 00:50:59,420 :[INFO]: 次の作業に移行します
2024-07-13 00:50:59,420 :[INFO]: 5 generated word : ﻿アタフタ
2024-07-13 00:50:59,420 :[INFO]: Start to generate file
2024-07-13 00:50:59,420 :[INFO]: セパレートファイル名 : 20240713005059420686.wav
2024-07-13 00:50:59,875 :[INFO]: セパレートファイル生成完了
2024-07-13 00:50:59,875 :[INFO]: 次の作業に移行します
2024-07-13 00:50:59,875 :[INFO]: 6 generated word : ガツガツ
2024-07-13 00:50:59,875 :[INFO]: Start to generate file
2024-07-13 00:50:59,875 :[INFO]: セパレートファイル名 : 20240713005059875858.wav
2024-07-13 00:51:00,354 :[INFO]: セパレートファイル生成完了
2024-07-13 00:51:00,354 :[INFO]: 次の作業に移行します
2024-07-13 00:51:00,354 :[INFO]: 7 generated word : スタスタ
2024-07-13 00:51:00,354 :[INFO]: Start to generate file
2024-07-13 00:51:00,354 :[INFO]: セパレートファイル名 : 20240713005100354961.wav
2024-07-13 00:51:00,802 :[INFO]: セパレートファイル生成完了
2024-07-13 00:51:00,803 :[INFO]: 次の作業に移行します
2024-07-13 00:51:00,803 :[INFO]: 8 generated word : ヒソヒソ
2024-07-13 00:51:00,803 :[INFO]: Start to generate file
2024-07-13 00:51:00,803 :[INFO]: セパレートファイル名 : 20240713005100803464.wav
2024-07-13 00:51:01,274 :[INFO]: セパレートファイル生成完了
2024-07-13 00:51:01,274 :[INFO]: 次の作業に移行します
2024-07-13 00:51:01,274 :[INFO]: ファイルの結合を開始します
2024-07-13 00:51:01,288 :[INFO]: 結合完了 : 完成したファイル名 -> 20240713005101275839.wav
2024-07-13 00:51:01,288 :[INFO]: 以上で動作を終了します
2024-07-13 00:52:19,606 :[INFO]: == Activate onomatopoeia auto-generation mode ==
2024-07-13 00:52:19,611 :[INFO]: 1 generated word : ぺちゃんこ
2024-07-13 00:52:19,611 :[INFO]: Start to generate file
2024-07-13 00:52:19,611 :[INFO]: セパレートファイル名 : 20240713005219611566.wav
2024-07-13 00:52:20,157 :[INFO]: セパレートファイル生成完了
2024-07-13 00:52:20,158 :[INFO]: 次の作業に移行します
2024-07-13 00:52:20,158 :[INFO]: 2 generated word : プカプカ
2024-07-13 00:52:20,158 :[INFO]: Start to generate file
2024-07-13 00:52:20,158 :[INFO]: セパレートファイル名 : 20240713005220158280.wav
2024-07-13 00:52:20,637 :[INFO]: セパレートファイル生成完了
2024-07-13 00:52:20,637 :[INFO]: 次の作業に移行します
2024-07-13 00:52:20,637 :[INFO]: 3 generated word : あっさり
2024-07-13 00:52:20,637 :[INFO]: Start to generate file
2024-07-13 00:52:20,637 :[INFO]: セパレートファイル名 : 20240713005220637392.wav
2024-07-13 00:52:21,117 :[INFO]: セパレートファイル生成完了
2024-07-13 00:52:21,118 :[INFO]: 次の作業に移行します
2024-07-13 00:52:21,118 :[INFO]: 4 generated word : さっぱり
2024-07-13 00:52:21,118 :[INFO]: Start to generate file
2024-07-13 00:52:21,118 :[INFO]: セパレートファイル名 : 20240713005221118338.wav
2024-07-13 00:52:21,597 :[INFO]: セパレートファイル生成完了
2024-07-13 00:52:21,597 :[INFO]: 次の作業に移行します
2024-07-13 00:52:21,597 :[INFO]: 5 generated word : コロコロ
2024-07-13 00:52:21,597 :[INFO]: Start to generate file
2024-07-13 00:52:21,597 :[INFO]: セパレートファイル名 : 20240713005221597944.wav
2024-07-13 00:52:22,051 :[INFO]: セパレートファイル生成完了
2024-07-13 00:52:22,051 :[INFO]: 次の作業に移行します
2024-07-13 00:52:22,051 :[INFO]: 6 generated word : バラバラ
2024-07-13 00:52:22,051 :[INFO]: Start to generate file
2024-07-13 00:52:22,051 :[INFO]: セパレートファイル名 : 20240713005222051763.wav
2024-07-13 00:52:22,503 :[INFO]: セパレートファイル生成完了
2024-07-13 00:52:22,503 :[INFO]: 次の作業に移行します
2024-07-13 00:52:22,503 :[INFO]: 7 generated word : ブカブカ 
2024-07-13 00:52:22,503 :[INFO]: Start to generate file
2024-07-13 00:52:22,503 :[INFO]: セパレートファイル名 : 20240713005222503786.wav
2024-07-13 00:52:22,980 :[INFO]: セパレートファイル生成完了
2024-07-13 00:52:22,980 :[INFO]: 次の作業に移行します
2024-07-13 00:52:22,980 :[INFO]: 8 generated word : ムチムチ
2024-07-13 00:52:22,980 :[INFO]: Start to generate file
2024-07-13 00:52:22,980 :[INFO]: セパレートファイル名 : 20240713005222980684.wav
2024-07-13 00:52:23,459 :[INFO]: セパレートファイル生成完了
2024-07-13 00:52:23,459 :[INFO]: 次の作業に移行します
2024-07-13 00:52:23,459 :[INFO]: 9 generated word : ぬるぬる
2024-07-13 00:52:23,459 :[INFO]: Start to generate file
2024-07-13 00:52:23,459 :[INFO]: セパレートファイル名 : 20240713005223459966.wav
2024-07-13 00:52:23,917 :[INFO]: セパレートファイル生成完了
2024-07-13 00:52:23,918 :[INFO]: 次の作業に移行します
2024-07-13 00:52:23,918 :[INFO]: 10 generated word : ジュージュー
2024-07-13 00:52:23,918 :[INFO]: Start to generate file
2024-07-13 00:52:23,918 :[INFO]: セパレートファイル名 : 20240713005223918259.wav
2024-07-13 00:52:24,399 :[INFO]: セパレートファイル生成完了
2024-07-13 00:52:24,399 :[INFO]: 次の作業に移行します
2024-07-13 00:52:24,399 :[INFO]: 11 generated word : フサフサ
2024-07-13 00:52:24,399 :[INFO]: Start to generate file
2024-07-13 00:52:24,399 :[INFO]: セパレートファイル名 : 20240713005224399592.wav
2024-07-13 00:52:24,871 :[INFO]: セパレートファイル生成完了
2024-07-13 00:52:24,871 :[INFO]: 次の作業に移行します
2024-07-13 00:52:24,871 :[INFO]: 12 generated word : ブルブル
2024-07-13 00:52:24,871 :[INFO]: Start to generate file
2024-07-13 00:52:24,871 :[INFO]: セパレートファイル名 : 20240713005224871695.wav
2024-07-13 00:52:25,331 :[INFO]: セパレートファイル生成完了
2024-07-13 00:52:25,332 :[INFO]: 次の作業に移行します
2024-07-13 00:52:25,332 :[INFO]: 13 generated word : キツキツ
2024-07-13 00:52:25,332 :[INFO]: Start to generate file
2024-07-13 00:52:25,332 :[INFO]: セパレートファイル名 : 20240713005225332267.wav
2024-07-13 00:52:25,792 :[INFO]: セパレートファイル生成完了
2024-07-13 00:52:25,792 :[INFO]: 次の作業に移行します
2024-07-13 00:52:25,792 :[INFO]: 14 generated word : ムシャムシャ
2024-07-13 00:52:25,792 :[INFO]: Start to generate file
2024-07-13 00:52:25,792 :[INFO]: セパレートファイル名 : 20240713005225792516.wav
2024-07-13 00:52:26,268 :[INFO]: セパレートファイル生成完了
2024-07-13 00:52:26,268 :[INFO]: 次の作業に移行します
2024-07-13 00:52:26,268 :[INFO]: 15 generated word : チャラい
2024-07-13 00:52:26,268 :[INFO]: Start to generate file
2024-07-13 00:52:26,268 :[INFO]: セパレートファイル名 : 20240713005226268450.wav
2024-07-13 00:52:26,689 :[INFO]: セパレートファイル生成完了
2024-07-13 00:52:26,689 :[INFO]: 次の作業に移行します
2024-07-13 00:52:26,690 :[INFO]: 16 generated word : まるまる
2024-07-13 00:52:26,690 :[INFO]: Start to generate file
2024-07-13 00:52:26,690 :[INFO]: セパレートファイル名 : 20240713005226690158.wav
2024-07-13 00:52:27,139 :[INFO]: セパレートファイル生成完了
2024-07-13 00:52:27,139 :[INFO]: 次の作業に移行します
2024-07-13 00:52:27,139 :[INFO]: ファイルの結合を開始します
2024-07-13 00:52:27,164 :[INFO]: 結合完了 : 完成したファイル名 -> 20240713005227140482.wav
2024-07-13 00:52:27,164 :[INFO]: 以上で動作を終了します
2024-07-13 08:36:37,513 :[INFO]: == Activate onomatopoeia auto-generation mode ==
2024-07-13 08:36:37,517 :[INFO]: 1 generated word : モタモタ
2024-07-13 08:36:37,517 :[INFO]: Start to generate file
2024-07-13 08:36:37,517 :[INFO]: セパレートファイル名 : 20240713083637517347.wav
2024-07-13 08:36:38,046 :[INFO]: セパレートファイル生成完了
2024-07-13 08:36:38,046 :[INFO]: 次の作業に移行します
2024-07-13 08:36:38,046 :[INFO]: 2 generated word : ガミガミ
2024-07-13 08:36:38,046 :[INFO]: Start to generate file
2024-07-13 08:36:38,046 :[INFO]: セパレートファイル名 : 20240713083638046594.wav
2024-07-13 08:36:38,521 :[INFO]: セパレートファイル生成完了
2024-07-13 08:36:38,521 :[INFO]: 次の作業に移行します
2024-07-13 08:36:38,521 :[INFO]: 3 generated word : もくもく
2024-07-13 08:36:38,521 :[INFO]: Start to generate file
2024-07-13 08:36:38,521 :[INFO]: セパレートファイル名 : 20240713083638521655.wav
2024-07-13 08:36:39,007 :[INFO]: セパレートファイル生成完了
2024-07-13 08:36:39,007 :[INFO]: 次の作業に移行します
2024-07-13 08:36:39,007 :[INFO]: 4 generated word : ムチムチ
2024-07-13 08:36:39,007 :[INFO]: Start to generate file
2024-07-13 08:36:39,007 :[INFO]: セパレートファイル名 : 20240713083639007953.wav
2024-07-13 08:36:39,497 :[INFO]: セパレートファイル生成完了
2024-07-13 08:36:39,497 :[INFO]: 次の作業に移行します
2024-07-13 08:36:39,497 :[INFO]: 5 generated word : ルンルン
2024-07-13 08:36:39,497 :[INFO]: Start to generate file
2024-07-13 08:36:39,497 :[INFO]: セパレートファイル名 : 20240713083639497450.wav
2024-07-13 08:36:39,974 :[INFO]: セパレートファイル生成完了
2024-07-13 08:36:39,974 :[INFO]: 次の作業に移行します
2024-07-13 08:36:39,974 :[INFO]: 6 generated word : サラサラ
2024-07-13 08:36:39,974 :[INFO]: Start to generate file
2024-07-13 08:36:39,974 :[INFO]: セパレートファイル名 : 20240713083639974650.wav
2024-07-13 08:36:40,438 :[INFO]: セパレートファイル生成完了
2024-07-13 08:36:40,438 :[INFO]: 次の作業に移行します
2024-07-13 08:36:40,438 :[INFO]: 7 generated word : そっと
2024-07-13 08:36:40,438 :[INFO]: Start to generate file
2024-07-13 08:36:40,438 :[INFO]: セパレートファイル名 : 20240713083640438922.wav
2024-07-13 08:36:40,887 :[INFO]: セパレートファイル生成完了
2024-07-13 08:36:40,887 :[INFO]: 次の作業に移行します
2024-07-13 08:36:40,887 :[INFO]: 8 generated word : ビクッ
2024-07-13 08:36:40,887 :[INFO]: Start to generate file
2024-07-13 08:36:40,887 :[INFO]: セパレートファイル名 : 20240713083640887636.wav
2024-07-13 08:36:41,304 :[INFO]: セパレートファイル生成完了
2024-07-13 08:36:41,304 :[INFO]: 次の作業に移行します
2024-07-13 08:36:41,304 :[INFO]: 9 generated word : くすくす
2024-07-13 08:36:41,304 :[INFO]: Start to generate file
2024-07-13 08:36:41,304 :[INFO]: セパレートファイル名 : 20240713083641304845.wav
2024-07-13 08:36:41,754 :[INFO]: セパレートファイル生成完了
2024-07-13 08:36:41,754 :[INFO]: 次の作業に移行します
2024-07-13 08:36:41,754 :[INFO]: 10 generated word : グウグウ
2024-07-13 08:36:41,754 :[INFO]: Start to generate file
2024-07-13 08:36:41,754 :[INFO]: セパレートファイル名 : 20240713083641754463.wav
2024-07-13 08:36:42,246 :[INFO]: セパレートファイル生成完了
2024-07-13 08:36:42,247 :[INFO]: 次の作業に移行します
2024-07-13 08:36:42,247 :[INFO]: 11 generated word : ギコギコ
2024-07-13 08:36:42,247 :[INFO]: Start to generate file
2024-07-13 08:36:42,247 :[INFO]: セパレートファイル名 : 20240713083642247207.wav
2024-07-13 08:36:42,721 :[INFO]: セパレートファイル生成完了
2024-07-13 08:36:42,721 :[INFO]: 次の作業に移行します
2024-07-13 08:36:42,721 :[INFO]: 12 generated word : チョキチョキ
2024-07-13 08:36:42,722 :[INFO]: Start to generate file
2024-07-13 08:36:42,722 :[INFO]: セパレートファイル名 : 20240713083642722148.wav
2024-07-13 08:36:43,200 :[INFO]: セパレートファイル生成完了
2024-07-13 08:36:43,200 :[INFO]: 次の作業に移行します
2024-07-13 08:36:43,200 :[INFO]: 13 generated word : ゲラゲラ
2024-07-13 08:36:43,200 :[INFO]: Start to generate file
2024-07-13 08:36:43,200 :[INFO]: セパレートファイル名 : 20240713083643200803.wav
2024-07-13 08:36:43,660 :[INFO]: セパレートファイル生成完了
2024-07-13 08:36:43,660 :[INFO]: 次の作業に移行します
2024-07-13 08:36:43,660 :[INFO]: 14 generated word : モー
2024-07-13 08:36:43,661 :[INFO]: Start to generate file
2024-07-13 08:36:43,661 :[INFO]: セパレートファイル名 : 20240713083643661102.wav
2024-07-13 08:36:44,055 :[INFO]: セパレートファイル生成完了
2024-07-13 08:36:44,055 :[INFO]: 次の作業に移行します
2024-07-13 08:36:44,055 :[INFO]: 15 generated word : うるうる
2024-07-13 08:36:44,055 :[INFO]: Start to generate file
2024-07-13 08:36:44,055 :[INFO]: セパレートファイル名 : 20240713083644055923.wav
2024-07-13 08:36:44,527 :[INFO]: セパレートファイル生成完了
2024-07-13 08:36:44,527 :[INFO]: 次の作業に移行します
2024-07-13 08:36:44,528 :[INFO]: 16 generated word : ブクブク
2024-07-13 08:36:44,528 :[INFO]: Start to generate file
2024-07-13 08:36:44,528 :[INFO]: セパレートファイル名 : 20240713083644528175.wav
2024-07-13 08:36:44,990 :[INFO]: セパレートファイル生成完了
2024-07-13 08:36:44,990 :[INFO]: 次の作業に移行します
2024-07-13 08:36:44,990 :[INFO]: ファイルの結合を開始します
2024-07-13 08:36:45,016 :[INFO]: 結合完了 : 完成したファイル名 -> 20240713083644991965.wav
2024-07-13 08:36:45,016 :[INFO]: 以上で動作を終了します
2024-07-13 09:10:58,822 :[INFO]: == Activate onomatopoeia auto-generation mode ==
2024-07-13 09:10:58,826 :[INFO]: 1 generated word : ひらひら
2024-07-13 09:10:58,826 :[INFO]: Start to generate file
2024-07-13 09:10:58,826 :[INFO]: セパレートファイル名 : 20240713091058826757.wav
2024-07-13 09:10:59,339 :[INFO]: セパレートファイル生成完了
2024-07-13 09:10:59,339 :[INFO]: 次の作業に移行します
2024-07-13 09:10:59,339 :[INFO]: 2 generated word : ドキドキ
2024-07-13 09:10:59,339 :[INFO]: Start to generate file
2024-07-13 09:10:59,339 :[INFO]: セパレートファイル名 : 20240713091059339952.wav
2024-07-13 09:10:59,819 :[INFO]: セパレートファイル生成完了
2024-07-13 09:10:59,819 :[INFO]: 次の作業に移行します
2024-07-13 09:10:59,819 :[INFO]: 3 generated word : ぴえん
2024-07-13 09:10:59,819 :[INFO]: Start to generate file
2024-07-13 09:10:59,819 :[INFO]: セパレートファイル名 : 20240713091059819910.wav
2024-07-13 09:11:00,273 :[INFO]: セパレートファイル生成完了
2024-07-13 09:11:00,273 :[INFO]: 次の作業に移行します
2024-07-13 09:11:00,274 :[INFO]: 4 generated word : ぺちゃんこ
2024-07-13 09:11:00,274 :[INFO]: Start to generate file
2024-07-13 09:11:00,274 :[INFO]: セパレートファイル名 : 20240713091100274281.wav
2024-07-13 09:11:00,761 :[INFO]: セパレートファイル生成完了
2024-07-13 09:11:00,761 :[INFO]: 次の作業に移行します
2024-07-13 09:11:00,761 :[INFO]: 5 generated word : まじまじ
2024-07-13 09:11:00,762 :[INFO]: Start to generate file
2024-07-13 09:11:00,762 :[INFO]: セパレートファイル名 : 20240713091100762090.wav
2024-07-13 09:11:01,242 :[INFO]: セパレートファイル生成完了
2024-07-13 09:11:01,242 :[INFO]: 次の作業に移行します
2024-07-13 09:11:01,242 :[INFO]: 6 generated word : ぷんぷん
2024-07-13 09:11:01,242 :[INFO]: Start to generate file
2024-07-13 09:11:01,243 :[INFO]: セパレートファイル名 : 20240713091101243066.wav
2024-07-13 09:11:01,738 :[INFO]: セパレートファイル生成完了
2024-07-13 09:11:01,738 :[INFO]: 次の作業に移行します
2024-07-13 09:11:01,738 :[INFO]: 7 generated word : すりすり
2024-07-13 09:11:01,739 :[INFO]: Start to generate file
2024-07-13 09:11:01,739 :[INFO]: セパレートファイル名 : 20240713091101739102.wav
2024-07-13 09:11:02,231 :[INFO]: セパレートファイル生成完了
2024-07-13 09:11:02,231 :[INFO]: 次の作業に移行します
2024-07-13 09:11:02,231 :[INFO]: 8 generated word : ムチムチ
2024-07-13 09:11:02,231 :[INFO]: Start to generate file
2024-07-13 09:11:02,231 :[INFO]: セパレートファイル名 : 20240713091102231372.wav
2024-07-13 09:11:02,711 :[INFO]: セパレートファイル生成完了
2024-07-13 09:11:02,711 :[INFO]: 次の作業に移行します
2024-07-13 09:11:02,711 :[INFO]: 9 generated word : ネバネバ
2024-07-13 09:11:02,711 :[INFO]: Start to generate file
2024-07-13 09:11:02,712 :[INFO]: セパレートファイル名 : 20240713091102712052.wav
2024-07-13 09:11:03,173 :[INFO]: セパレートファイル生成完了
2024-07-13 09:11:03,173 :[INFO]: 次の作業に移行します
2024-07-13 09:11:03,173 :[INFO]: 10 generated word : キラキラ
2024-07-13 09:11:03,173 :[INFO]: Start to generate file
2024-07-13 09:11:03,173 :[INFO]: セパレートファイル名 : 20240713091103173661.wav
2024-07-13 09:11:03,627 :[INFO]: セパレートファイル生成完了
2024-07-13 09:11:03,628 :[INFO]: 次の作業に移行します
2024-07-13 09:11:03,628 :[INFO]: 11 generated word : キラキラ
2024-07-13 09:11:03,628 :[INFO]: Start to generate file
2024-07-13 09:11:03,628 :[INFO]: セパレートファイル名 : 20240713091103628260.wav
2024-07-13 09:11:04,082 :[INFO]: セパレートファイル生成完了
2024-07-13 09:11:04,082 :[INFO]: 次の作業に移行します
2024-07-13 09:11:04,083 :[INFO]: 12 generated word : でこぼこ
2024-07-13 09:11:04,083 :[INFO]: Start to generate file
2024-07-13 09:11:04,083 :[INFO]: セパレートファイル名 : 20240713091104083197.wav
2024-07-13 09:11:04,555 :[INFO]: セパレートファイル生成完了
2024-07-13 09:11:04,555 :[INFO]: 次の作業に移行します
2024-07-13 09:11:04,556 :[INFO]: 13 generated word : あっさり
2024-07-13 09:11:04,556 :[INFO]: Start to generate file
2024-07-13 09:11:04,556 :[INFO]: セパレートファイル名 : 20240713091104556184.wav
2024-07-13 09:11:05,042 :[INFO]: セパレートファイル生成完了
2024-07-13 09:11:05,042 :[INFO]: 次の作業に移行します
2024-07-13 09:11:05,042 :[INFO]: 14 generated word : うるうる
2024-07-13 09:11:05,043 :[INFO]: Start to generate file
2024-07-13 09:11:05,043 :[INFO]: セパレートファイル名 : 20240713091105043066.wav
2024-07-13 09:11:05,515 :[INFO]: セパレートファイル生成完了
2024-07-13 09:11:05,515 :[INFO]: 次の作業に移行します
2024-07-13 09:11:05,515 :[INFO]: 15 generated word : てくてく
2024-07-13 09:11:05,515 :[INFO]: Start to generate file
2024-07-13 09:11:05,515 :[INFO]: セパレートファイル名 : 20240713091105515583.wav
2024-07-13 09:11:05,976 :[INFO]: セパレートファイル生成完了
2024-07-13 09:11:05,976 :[INFO]: 次の作業に移行します
2024-07-13 09:11:05,976 :[INFO]: 16 generated word : ぼうっと
2024-07-13 09:11:05,976 :[INFO]: Start to generate file
2024-07-13 09:11:05,976 :[INFO]: セパレートファイル名 : 20240713091105976730.wav
2024-07-13 09:11:06,436 :[INFO]: セパレートファイル生成完了
2024-07-13 09:11:06,437 :[INFO]: 次の作業に移行します
2024-07-13 09:11:06,437 :[INFO]: ファイルの結合を開始します
2024-07-13 09:12:20,911 :[INFO]: == Activate onomatopoeia auto-generation mode ==
2024-07-13 09:12:20,913 :[INFO]: 1 generated word : いちゃいちゃ
2024-07-13 09:12:20,913 :[INFO]: Start to generate file
2024-07-13 09:12:20,913 :[INFO]: セパレートファイル名 : 20240713091220913282.wav
2024-07-13 09:12:21,425 :[INFO]: セパレートファイル生成完了
2024-07-13 09:12:21,425 :[INFO]: 次の作業に移行します
2024-07-13 09:12:21,425 :[INFO]: 2 generated word : カラカラ
2024-07-13 09:12:21,425 :[INFO]: Start to generate file
2024-07-13 09:12:21,426 :[INFO]: セパレートファイル名 : 20240713091221425994.wav
2024-07-13 09:12:21,885 :[INFO]: セパレートファイル生成完了
2024-07-13 09:12:21,885 :[INFO]: 次の作業に移行します
2024-07-13 09:12:21,885 :[INFO]: 3 generated word : ぼーっと
2024-07-13 09:12:21,885 :[INFO]: Start to generate file
2024-07-13 09:12:21,885 :[INFO]: セパレートファイル名 : 20240713091221885841.wav
2024-07-13 09:12:22,348 :[INFO]: セパレートファイル生成完了
2024-07-13 09:12:22,349 :[INFO]: 次の作業に移行します
2024-07-13 09:12:22,349 :[INFO]: 4 generated word : ぞくぞく
2024-07-13 09:12:22,349 :[INFO]: Start to generate file
2024-07-13 09:12:22,349 :[INFO]: セパレートファイル名 : 20240713091222349500.wav
2024-07-13 09:12:22,865 :[INFO]: セパレートファイル生成完了
2024-07-13 09:12:22,865 :[INFO]: 次の作業に移行します
2024-07-13 09:12:22,865 :[INFO]: 5 generated word : ばくばく
2024-07-13 09:12:22,865 :[INFO]: Start to generate file
2024-07-13 09:12:22,865 :[INFO]: セパレートファイル名 : 20240713091222865793.wav
2024-07-13 09:12:23,328 :[INFO]: セパレートファイル生成完了
2024-07-13 09:12:23,328 :[INFO]: 次の作業に移行します
2024-07-13 09:12:23,328 :[INFO]: 6 generated word : じめじめ
2024-07-13 09:12:23,328 :[INFO]: Start to generate file
2024-07-13 09:12:23,329 :[INFO]: セパレートファイル名 : 20240713091223329044.wav
2024-07-13 09:12:23,803 :[INFO]: セパレートファイル生成完了
2024-07-13 09:12:23,803 :[INFO]: 次の作業に移行します
2024-07-13 09:12:23,803 :[INFO]: 7 generated word : ビクッ
2024-07-13 09:12:23,803 :[INFO]: Start to generate file
2024-07-13 09:12:23,803 :[INFO]: セパレートファイル名 : 20240713091223803488.wav
2024-07-13 09:12:24,220 :[INFO]: セパレートファイル生成完了
2024-07-13 09:12:24,220 :[INFO]: 次の作業に移行します
2024-07-13 09:12:24,221 :[INFO]: 8 generated word : いちゃいちゃ
2024-07-13 09:12:24,221 :[INFO]: Start to generate file
2024-07-13 09:12:24,221 :[INFO]: セパレートファイル名 : 20240713091224221172.wav
2024-07-13 09:12:24,694 :[INFO]: セパレートファイル生成完了
2024-07-13 09:12:24,694 :[INFO]: 次の作業に移行します
2024-07-13 09:12:24,694 :[INFO]: 9 generated word : ギコギコ
2024-07-13 09:12:24,694 :[INFO]: Start to generate file
2024-07-13 09:12:24,694 :[INFO]: セパレートファイル名 : 20240713091224694897.wav
2024-07-13 09:12:25,169 :[INFO]: セパレートファイル生成完了
2024-07-13 09:12:25,169 :[INFO]: 次の作業に移行します
2024-07-13 09:12:25,169 :[INFO]: 10 generated word : しゅわしゅわ
2024-07-13 09:12:25,169 :[INFO]: Start to generate file
2024-07-13 09:12:25,169 :[INFO]: セパレートファイル名 : 20240713091225169667.wav
2024-07-13 09:12:25,646 :[INFO]: セパレートファイル生成完了
2024-07-13 09:12:25,646 :[INFO]: 次の作業に移行します
2024-07-13 09:12:25,646 :[INFO]: 11 generated word : ピカピカ
2024-07-13 09:12:25,646 :[INFO]: Start to generate file
2024-07-13 09:12:25,646 :[INFO]: セパレートファイル名 : 20240713091225646810.wav
2024-07-13 09:12:26,122 :[INFO]: セパレートファイル生成完了
2024-07-13 09:12:26,123 :[INFO]: 次の作業に移行します
2024-07-13 09:12:26,123 :[INFO]: 12 generated word : ガーガー
2024-07-13 09:12:26,123 :[INFO]: Start to generate file
2024-07-13 09:12:26,123 :[INFO]: セパレートファイル名 : 20240713091226123322.wav
2024-07-13 09:12:26,593 :[INFO]: セパレートファイル生成完了
2024-07-13 09:12:26,593 :[INFO]: 次の作業に移行します
2024-07-13 09:12:26,593 :[INFO]: 13 generated word : ひりひり
2024-07-13 09:12:26,593 :[INFO]: Start to generate file
2024-07-13 09:12:26,593 :[INFO]: セパレートファイル名 : 20240713091226593971.wav
2024-07-13 09:12:27,053 :[INFO]: セパレートファイル生成完了
2024-07-13 09:12:27,053 :[INFO]: 次の作業に移行します
2024-07-13 09:12:27,053 :[INFO]: 14 generated word : ウキー
2024-07-13 09:12:27,053 :[INFO]: Start to generate file
2024-07-13 09:12:27,053 :[INFO]: セパレートファイル名 : 20240713091227053519.wav
2024-07-13 09:12:27,489 :[INFO]: セパレートファイル生成完了
2024-07-13 09:12:27,489 :[INFO]: 次の作業に移行します
2024-07-13 09:12:27,489 :[INFO]: 15 generated word : でれでれ
2024-07-13 09:12:27,489 :[INFO]: Start to generate file
2024-07-13 09:12:27,489 :[INFO]: セパレートファイル名 : 20240713091227489917.wav
2024-07-13 09:12:27,962 :[INFO]: セパレートファイル生成完了
2024-07-13 09:12:27,962 :[INFO]: 次の作業に移行します
2024-07-13 09:12:27,962 :[INFO]: 16 generated word : ボーボー
2024-07-13 09:12:27,962 :[INFO]: Start to generate file
2024-07-13 09:12:27,962 :[INFO]: セパレートファイル名 : 20240713091227962391.wav
2024-07-13 09:12:28,404 :[INFO]: セパレートファイル生成完了
2024-07-13 09:12:28,404 :[INFO]: 次の作業に移行します
2024-07-13 09:12:28,404 :[INFO]: ファイルの結合を開始します
2024-07-13 09:13:02,310 :[INFO]: == Activate onomatopoeia auto-generation mode ==
2024-07-13 09:13:02,312 :[INFO]: 1 generated word : べたべた
2024-07-13 09:13:02,312 :[INFO]: Start to generate file
2024-07-13 09:13:02,312 :[INFO]: セパレートファイル名 : 20240713091302312856.wav
2024-07-13 09:13:02,829 :[INFO]: セパレートファイル生成完了
2024-07-13 09:13:02,829 :[INFO]: 次の作業に移行します
2024-07-13 09:13:02,829 :[INFO]: 2 generated word : ゲラゲラ
2024-07-13 09:13:02,829 :[INFO]: Start to generate file
2024-07-13 09:13:02,830 :[INFO]: セパレートファイル名 : 20240713091302829973.wav
2024-07-13 09:13:03,303 :[INFO]: セパレートファイル生成完了
2024-07-13 09:13:03,303 :[INFO]: 次の作業に移行します
2024-07-13 09:13:03,303 :[INFO]: 3 generated word : てきぱき
2024-07-13 09:13:03,303 :[INFO]: Start to generate file
2024-07-13 09:13:03,304 :[INFO]: セパレートファイル名 : 20240713091303304039.wav
2024-07-13 09:13:03,808 :[INFO]: セパレートファイル生成完了
2024-07-13 09:13:03,808 :[INFO]: 次の作業に移行します
2024-07-13 09:13:03,808 :[INFO]: 4 generated word : ドキドキ
2024-07-13 09:13:03,809 :[INFO]: Start to generate file
2024-07-13 09:13:03,809 :[INFO]: セパレートファイル名 : 20240713091303809088.wav
2024-07-13 09:13:04,285 :[INFO]: セパレートファイル生成完了
2024-07-13 09:13:04,285 :[INFO]: 次の作業に移行します
2024-07-13 09:13:04,285 :[INFO]: 5 generated word : グワッグワッ
2024-07-13 09:13:04,285 :[INFO]: Start to generate file
2024-07-13 09:13:04,285 :[INFO]: セパレートファイル名 : 20240713091304285638.wav
2024-07-13 09:13:04,797 :[INFO]: セパレートファイル生成完了
2024-07-13 09:13:04,797 :[INFO]: 次の作業に移行します
2024-07-13 09:13:04,797 :[INFO]: 6 generated word : ボコボコ
2024-07-13 09:13:04,797 :[INFO]: Start to generate file
2024-07-13 09:13:04,797 :[INFO]: セパレートファイル名 : 20240713091304797861.wav
2024-07-13 09:13:05,274 :[INFO]: セパレートファイル生成完了
2024-07-13 09:13:05,275 :[INFO]: 次の作業に移行します
2024-07-13 09:13:05,275 :[INFO]: 7 generated word : ちらりと
2024-07-13 09:13:05,275 :[INFO]: Start to generate file
2024-07-13 09:13:05,275 :[INFO]: セパレートファイル名 : 20240713091305275358.wav
2024-07-13 09:13:05,748 :[INFO]: セパレートファイル生成完了
2024-07-13 09:13:05,748 :[INFO]: 次の作業に移行します
2024-07-13 09:13:05,748 :[INFO]: 8 generated word : くすくす
2024-07-13 09:13:05,748 :[INFO]: Start to generate file
2024-07-13 09:13:05,748 :[INFO]: セパレートファイル名 : 20240713091305748600.wav
2024-07-13 09:13:06,198 :[INFO]: セパレートファイル生成完了
2024-07-13 09:13:06,198 :[INFO]: 次の作業に移行します
2024-07-13 09:13:06,198 :[INFO]: 9 generated word : スカスカ
2024-07-13 09:13:06,198 :[INFO]: Start to generate file
2024-07-13 09:13:06,198 :[INFO]: セパレートファイル名 : 20240713091306198759.wav
2024-07-13 09:13:06,654 :[INFO]: セパレートファイル生成完了
2024-07-13 09:13:06,655 :[INFO]: 次の作業に移行します
2024-07-13 09:13:06,655 :[INFO]: 10 generated word : ポイッ
2024-07-13 09:13:06,655 :[INFO]: Start to generate file
2024-07-13 09:13:06,655 :[INFO]: セパレートファイル名 : 20240713091306655312.wav
2024-07-13 09:13:07,074 :[INFO]: セパレートファイル生成完了
2024-07-13 09:13:07,074 :[INFO]: 次の作業に移行します
2024-07-13 09:13:07,074 :[INFO]: 11 generated word : ぴったり
2024-07-13 09:13:07,074 :[INFO]: Start to generate file
2024-07-13 09:13:07,074 :[INFO]: セパレートファイル名 : 20240713091307074576.wav
2024-07-13 09:13:07,544 :[INFO]: セパレートファイル生成完了
2024-07-13 09:13:07,544 :[INFO]: 次の作業に移行します
2024-07-13 09:13:07,544 :[INFO]: 12 generated word : ゲラゲラ
2024-07-13 09:13:07,544 :[INFO]: Start to generate file
2024-07-13 09:13:07,544 :[INFO]: セパレートファイル名 : 20240713091307544779.wav
2024-07-13 09:13:08,003 :[INFO]: セパレートファイル生成完了
2024-07-13 09:13:08,003 :[INFO]: 次の作業に移行します
2024-07-13 09:13:08,004 :[INFO]: 13 generated word : にょろにょろ
2024-07-13 09:13:08,004 :[INFO]: Start to generate file
2024-07-13 09:13:08,004 :[INFO]: セパレートファイル名 : 20240713091308004481.wav
2024-07-13 09:13:08,465 :[INFO]: セパレートファイル生成完了
2024-07-13 09:13:08,465 :[INFO]: 次の作業に移行します
2024-07-13 09:13:08,465 :[INFO]: 14 generated word : どんより
2024-07-13 09:13:08,465 :[INFO]: Start to generate file
2024-07-13 09:13:08,466 :[INFO]: セパレートファイル名 : 20240713091308466019.wav
2024-07-13 09:13:08,930 :[INFO]: セパレートファイル生成完了
2024-07-13 09:13:08,930 :[INFO]: 次の作業に移行します
2024-07-13 09:13:08,930 :[INFO]: 15 generated word : ピーポーピーポー
2024-07-13 09:13:08,930 :[INFO]: Start to generate file
2024-07-13 09:13:08,930 :[INFO]: セパレートファイル名 : 20240713091308930592.wav
2024-07-13 09:13:09,514 :[INFO]: セパレートファイル生成完了
2024-07-13 09:13:09,514 :[INFO]: 次の作業に移行します
2024-07-13 09:13:09,514 :[INFO]: 16 generated word : ぺちゃんこ
2024-07-13 09:13:09,514 :[INFO]: Start to generate file
2024-07-13 09:13:09,514 :[INFO]: セパレートファイル名 : 20240713091309514638.wav
2024-07-13 09:13:09,989 :[INFO]: セパレートファイル生成完了
2024-07-13 09:13:09,989 :[INFO]: 次の作業に移行します
2024-07-13 09:13:09,989 :[INFO]: ファイルの結合を開始します
2024-07-13 09:13:19,327 :[INFO]: == Activate onomatopoeia auto-generation mode ==
2024-07-13 09:13:19,329 :[INFO]: 1 generated word : ポタポタ
2024-07-13 09:13:19,330 :[INFO]: Start to generate file
2024-07-13 09:13:19,330 :[INFO]: セパレートファイル名 : 20240713091319330182.wav
2024-07-13 09:13:19,880 :[INFO]: セパレートファイル生成完了
2024-07-13 09:13:19,880 :[INFO]: 次の作業に移行します
2024-07-13 09:13:19,880 :[INFO]: 2 generated word : ぼさぼさ
2024-07-13 09:13:19,881 :[INFO]: Start to generate file
2024-07-13 09:13:19,881 :[INFO]: セパレートファイル名 : 20240713091319881097.wav
2024-07-13 09:13:20,364 :[INFO]: セパレートファイル生成完了
2024-07-13 09:13:20,364 :[INFO]: 次の作業に移行します
2024-07-13 09:13:20,364 :[INFO]: 3 generated word : くちゃくちゃ
2024-07-13 09:13:20,365 :[INFO]: Start to generate file
2024-07-13 09:13:20,365 :[INFO]: セパレートファイル名 : 20240713091320365078.wav
2024-07-13 09:13:20,844 :[INFO]: セパレートファイル生成完了
2024-07-13 09:13:20,844 :[INFO]: 次の作業に移行します
2024-07-13 09:13:20,844 :[INFO]: 4 generated word : ぎとぎと
2024-07-13 09:13:20,844 :[INFO]: Start to generate file
2024-07-13 09:13:20,844 :[INFO]: セパレートファイル名 : 20240713091320844586.wav
2024-07-13 09:13:21,307 :[INFO]: セパレートファイル生成完了
2024-07-13 09:13:21,307 :[INFO]: 次の作業に移行します
2024-07-13 09:13:21,308 :[INFO]: 5 generated word : ぴょんぴょん
2024-07-13 09:13:21,308 :[INFO]: Start to generate file
2024-07-13 09:13:21,308 :[INFO]: セパレートファイル名 : 20240713091321308709.wav
2024-07-13 09:13:21,777 :[INFO]: セパレートファイル生成完了
2024-07-13 09:13:21,777 :[INFO]: 次の作業に移行します
2024-07-13 09:13:21,777 :[INFO]: 6 generated word : サラサラ
2024-07-13 09:13:21,777 :[INFO]: Start to generate file
2024-07-13 09:13:21,777 :[INFO]: セパレートファイル名 : 20240713091321777831.wav
2024-07-13 09:13:22,238 :[INFO]: セパレートファイル生成完了
2024-07-13 09:13:22,238 :[INFO]: 次の作業に移行します
2024-07-13 09:13:22,238 :[INFO]: 7 generated word : こってり
2024-07-13 09:13:22,238 :[INFO]: Start to generate file
2024-07-13 09:13:22,238 :[INFO]: セパレートファイル名 : 20240713091322238646.wav
2024-07-13 09:13:22,698 :[INFO]: セパレートファイル生成完了
2024-07-13 09:13:22,698 :[INFO]: 次の作業に移行します
2024-07-13 09:13:22,698 :[INFO]: 8 generated word : ギュウギュウ
2024-07-13 09:13:22,698 :[INFO]: Start to generate file
2024-07-13 09:13:22,698 :[INFO]: セパレートファイル名 : 20240713091322698918.wav
2024-07-13 09:13:23,216 :[INFO]: セパレートファイル生成完了
2024-07-13 09:13:23,216 :[INFO]: 次の作業に移行します
2024-07-13 09:13:23,217 :[INFO]: 9 generated word : ヒヒーン
2024-07-13 09:13:23,217 :[INFO]: Start to generate file
2024-07-13 09:13:23,217 :[INFO]: セパレートファイル名 : 20240713091323217269.wav
2024-07-13 09:13:23,672 :[INFO]: セパレートファイル生成完了
2024-07-13 09:13:23,672 :[INFO]: 次の作業に移行します
2024-07-13 09:13:23,672 :[INFO]: 10 generated word : ベロベロ
2024-07-13 09:13:23,672 :[INFO]: Start to generate file
2024-07-13 09:13:23,673 :[INFO]: セパレートファイル名 : 20240713091323672976.wav
2024-07-13 09:13:24,147 :[INFO]: セパレートファイル生成完了
2024-07-13 09:13:24,148 :[INFO]: 次の作業に移行します
2024-07-13 09:13:24,148 :[INFO]: 11 generated word : ペコペコ
2024-07-13 09:13:24,148 :[INFO]: Start to generate file
2024-07-13 09:13:24,148 :[INFO]: セパレートファイル名 : 20240713091324148617.wav
2024-07-13 09:13:24,629 :[INFO]: セパレートファイル生成完了
2024-07-13 09:13:24,629 :[INFO]: 次の作業に移行します
2024-07-13 09:13:24,629 :[INFO]: 12 generated word : でれでれ
2024-07-13 09:13:24,629 :[INFO]: Start to generate file
2024-07-13 09:13:24,629 :[INFO]: セパレートファイル名 : 20240713091324629724.wav
2024-07-13 09:13:25,104 :[INFO]: セパレートファイル生成完了
2024-07-13 09:13:25,104 :[INFO]: 次の作業に移行します
2024-07-13 09:13:25,104 :[INFO]: 13 generated word : バラバラ
2024-07-13 09:13:25,104 :[INFO]: Start to generate file
2024-07-13 09:13:25,104 :[INFO]: セパレートファイル名 : 20240713091325104593.wav
2024-07-13 09:13:25,561 :[INFO]: セパレートファイル生成完了
2024-07-13 09:13:25,561 :[INFO]: 次の作業に移行します
2024-07-13 09:13:25,561 :[INFO]: 14 generated word : イライラ
2024-07-13 09:13:25,562 :[INFO]: Start to generate file
2024-07-13 09:13:25,562 :[INFO]: セパレートファイル名 : 20240713091325562064.wav
2024-07-13 09:13:26,007 :[INFO]: セパレートファイル生成完了
2024-07-13 09:13:26,008 :[INFO]: 次の作業に移行します
2024-07-13 09:13:26,008 :[INFO]: 15 generated word : ボロボロ
2024-07-13 09:13:26,008 :[INFO]: Start to generate file
2024-07-13 09:13:26,008 :[INFO]: セパレートファイル名 : 20240713091326008318.wav
2024-07-13 09:13:26,462 :[INFO]: セパレートファイル生成完了
2024-07-13 09:13:26,463 :[INFO]: 次の作業に移行します
2024-07-13 09:13:26,463 :[INFO]: 16 generated word : ジョリジョリ
2024-07-13 09:13:26,463 :[INFO]: Start to generate file
2024-07-13 09:13:26,463 :[INFO]: セパレートファイル名 : 20240713091326463383.wav
2024-07-13 09:13:26,921 :[INFO]: セパレートファイル生成完了
2024-07-13 09:13:26,921 :[INFO]: 次の作業に移行します
2024-07-13 09:13:26,921 :[INFO]: ファイルの結合を開始します
2024-07-13 09:14:12,026 :[INFO]: == Activate onomatopoeia auto-generation mode ==
2024-07-13 09:14:12,028 :[INFO]: 1 generated word : ピリッ
2024-07-13 09:14:12,028 :[INFO]: Start to generate file
2024-07-13 09:14:12,028 :[INFO]: セパレートファイル名 : 20240713091412028656.wav
2024-07-13 09:14:12,486 :[INFO]: セパレートファイル生成完了
2024-07-13 09:14:12,487 :[INFO]: 次の作業に移行します
2024-07-13 09:14:12,487 :[INFO]: 2 generated word : いちゃいちゃ
2024-07-13 09:14:12,487 :[INFO]: Start to generate file
2024-07-13 09:14:12,487 :[INFO]: セパレートファイル名 : 20240713091412487274.wav
2024-07-13 09:14:12,979 :[INFO]: セパレートファイル生成完了
2024-07-13 09:14:12,979 :[INFO]: 次の作業に移行します
2024-07-13 09:14:12,980 :[INFO]: 3 generated word : げっそり
2024-07-13 09:14:12,980 :[INFO]: Start to generate file
2024-07-13 09:14:12,980 :[INFO]: セパレートファイル名 : 20240713091412980216.wav
2024-07-13 09:14:13,452 :[INFO]: セパレートファイル生成完了
2024-07-13 09:14:13,452 :[INFO]: 次の作業に移行します
2024-07-13 09:14:13,452 :[INFO]: 4 generated word : ひらひら
2024-07-13 09:14:13,452 :[INFO]: Start to generate file
2024-07-13 09:14:13,453 :[INFO]: セパレートファイル名 : 20240713091413452976.wav
2024-07-13 09:14:13,902 :[INFO]: セパレートファイル生成完了
2024-07-13 09:14:13,903 :[INFO]: 次の作業に移行します
2024-07-13 09:14:13,903 :[INFO]: ファイルの結合を開始します
2024-07-13 09:14:37,426 :[INFO]: == Activate onomatopoeia auto-generation mode ==
2024-07-13 09:14:37,428 :[INFO]: 1 generated word : モタモタ
2024-07-13 09:14:37,428 :[INFO]: Start to generate file
2024-07-13 09:14:37,428 :[INFO]: セパレートファイル名 : 20240713091437428947.wav
2024-07-13 09:14:37,967 :[INFO]: セパレートファイル生成完了
2024-07-13 09:14:37,967 :[INFO]: 次の作業に移行します
2024-07-13 09:14:37,967 :[INFO]: 2 generated word : へとへと
2024-07-13 09:14:37,967 :[INFO]: Start to generate file
2024-07-13 09:14:37,967 :[INFO]: セパレートファイル名 : 20240713091437967543.wav
2024-07-13 09:14:38,444 :[INFO]: セパレートファイル生成完了
2024-07-13 09:14:38,444 :[INFO]: 次の作業に移行します
2024-07-13 09:14:38,444 :[INFO]: 3 generated word : もぐもぐ
2024-07-13 09:14:38,444 :[INFO]: Start to generate file
2024-07-13 09:14:38,444 :[INFO]: セパレートファイル名 : 20240713091438444548.wav
2024-07-13 09:14:38,923 :[INFO]: セパレートファイル生成完了
2024-07-13 09:14:38,924 :[INFO]: 次の作業に移行します
2024-07-13 09:14:38,924 :[INFO]: 4 generated word : ごっそり
2024-07-13 09:14:38,924 :[INFO]: Start to generate file
2024-07-13 09:14:38,924 :[INFO]: セパレートファイル名 : 20240713091438924277.wav
2024-07-13 09:14:39,389 :[INFO]: セパレートファイル生成完了
2024-07-13 09:14:39,389 :[INFO]: 次の作業に移行します
2024-07-13 09:14:39,389 :[INFO]: ファイルの結合を開始します
2024-07-13 09:14:48,438 :[INFO]: == Activate onomatopoeia auto-generation mode ==
2024-07-13 09:14:48,441 :[INFO]: 1 generated word : こそこそ
2024-07-13 09:14:48,441 :[INFO]: Start to generate file
2024-07-13 09:14:48,441 :[INFO]: セパレートファイル名 : 20240713091448441869.wav
2024-07-13 09:14:48,950 :[INFO]: セパレートファイル生成完了
2024-07-13 09:14:48,950 :[INFO]: 次の作業に移行します
2024-07-13 09:14:48,950 :[INFO]: 2 generated word : フーフー
2024-07-13 09:14:48,950 :[INFO]: Start to generate file
2024-07-13 09:14:48,950 :[INFO]: セパレートファイル名 : 20240713091448950598.wav
2024-07-13 09:14:49,424 :[INFO]: セパレートファイル生成完了
2024-07-13 09:14:49,424 :[INFO]: 次の作業に移行します
2024-07-13 09:14:49,424 :[INFO]: 3 generated word : チョキチョキ
2024-07-13 09:14:49,424 :[INFO]: Start to generate file
2024-07-13 09:14:49,424 :[INFO]: セパレートファイル名 : 20240713091449424508.wav
2024-07-13 09:14:49,952 :[INFO]: セパレートファイル生成完了
2024-07-13 09:14:49,952 :[INFO]: 次の作業に移行します
2024-07-13 09:14:49,952 :[INFO]: 4 generated word : ペコペコ
2024-07-13 09:14:49,952 :[INFO]: Start to generate file
2024-07-13 09:14:49,952 :[INFO]: セパレートファイル名 : 20240713091449952822.wav
2024-07-13 09:14:50,438 :[INFO]: セパレートファイル生成完了
2024-07-13 09:14:50,438 :[INFO]: 次の作業に移行します
2024-07-13 09:14:50,438 :[INFO]: ファイルの結合を開始します
2024-07-13 09:15:00,547 :[INFO]: == Activate onomatopoeia auto-generation mode ==
2024-07-13 09:15:00,549 :[INFO]: 1 generated word : ばしゃばしゃ
2024-07-13 09:15:00,549 :[INFO]: Start to generate file
2024-07-13 09:15:00,549 :[INFO]: セパレートファイル名 : 20240713091500549568.wav
2024-07-13 09:15:01,069 :[INFO]: セパレートファイル生成完了
2024-07-13 09:15:01,070 :[INFO]: 次の作業に移行します
2024-07-13 09:15:01,070 :[INFO]: ファイルの結合を開始します
2024-07-13 09:16:15,164 :[INFO]: == Activate onomatopoeia auto-generation mode ==
2024-07-13 09:16:15,167 :[INFO]: 1 generated word : ばくばく
2024-07-13 09:16:15,167 :[INFO]: Start to generate file
2024-07-13 09:16:15,167 :[INFO]: セパレートファイル名 : 20240713091615167822.wav
2024-07-13 09:16:15,701 :[INFO]: セパレートファイル生成完了
2024-07-13 09:16:15,701 :[INFO]: 次の作業に移行します
2024-07-13 09:16:15,701 :[INFO]: ファイルの結合を開始します
2024-07-13 09:16:15,705 :[INFO]: 結合完了 : 完成したファイル名 -> 20240713091615701774.wav
2024-07-13 09:16:15,705 :[INFO]: 以上で動作を終了します
2024-07-13 09:16:27,008 :[INFO]: == Activate onomatopoeia auto-generation mode ==
2024-07-13 09:16:27,010 :[INFO]: 1 generated word : ムチムチ
2024-07-13 09:16:27,010 :[INFO]: Start to generate file
2024-07-13 09:16:27,010 :[INFO]: セパレートファイル名 : 20240713091627010805.wav
2024-07-13 09:16:27,534 :[INFO]: セパレートファイル生成完了
2024-07-13 09:16:27,534 :[INFO]: 次の作業に移行します
2024-07-13 09:16:27,534 :[INFO]: ファイルの結合を開始します
2024-07-13 09:16:27,538 :[INFO]: 結合完了 : 完成したファイル名 -> 20240713091627535628.wav
2024-07-13 09:16:27,539 :[INFO]: 以上で動作を終了します
2024-07-13 09:16:38,604 :[INFO]: == Activate onomatopoeia auto-generation mode ==
2024-07-13 09:16:38,608 :[INFO]: 1 generated word : ガリガリ
2024-07-13 09:16:38,608 :[INFO]: Start to generate file
2024-07-13 09:16:38,608 :[INFO]: セパレートファイル名 : 20240713091638608732.wav
2024-07-13 09:16:39,116 :[INFO]: セパレートファイル生成完了
2024-07-13 09:16:39,116 :[INFO]: 次の作業に移行します
2024-07-13 09:16:39,116 :[INFO]: 2 generated word : パタパタ
2024-07-13 09:16:39,116 :[INFO]: Start to generate file
2024-07-13 09:16:39,116 :[INFO]: セパレートファイル名 : 20240713091639116762.wav
2024-07-13 09:16:39,589 :[INFO]: セパレートファイル生成完了
2024-07-13 09:16:39,589 :[INFO]: 次の作業に移行します
2024-07-13 09:16:39,589 :[INFO]: ファイルの結合を開始します
2024-07-13 09:17:02,236 :[INFO]: == Activate onomatopoeia auto-generation mode ==
2024-07-13 09:17:02,238 :[INFO]: 1 generated word : ルンルン
2024-07-13 09:17:02,238 :[INFO]: Start to generate file
2024-07-13 09:17:02,238 :[INFO]: セパレートファイル名 : 20240713091702238658.wav
2024-07-13 09:17:02,751 :[INFO]: セパレートファイル生成完了
2024-07-13 09:17:02,751 :[INFO]: 次の作業に移行します
2024-07-13 09:17:02,751 :[INFO]: 2 generated word : いじいじ
2024-07-13 09:17:02,751 :[INFO]: Start to generate file
2024-07-13 09:17:02,751 :[INFO]: セパレートファイル名 : 20240713091702751348.wav
2024-07-13 09:17:03,228 :[INFO]: セパレートファイル生成完了
2024-07-13 09:17:03,228 :[INFO]: 次の作業に移行します
2024-07-13 09:17:03,228 :[INFO]: ファイルの結合を開始します
2024-07-13 09:17:20,846 :[INFO]: == Activate onomatopoeia auto-generation mode ==
2024-07-13 09:17:20,854 :[INFO]: 1 generated word : いがいが
2024-07-13 09:17:20,854 :[INFO]: Start to generate file
2024-07-13 09:17:20,854 :[INFO]: セパレートファイル名 : 20240713091720854485.wav
2024-07-13 09:17:21,342 :[INFO]: セパレートファイル生成完了
2024-07-13 09:17:21,342 :[INFO]: 次の作業に移行します
2024-07-13 09:17:21,342 :[INFO]: 2 generated word : カーカー
2024-07-13 09:17:21,342 :[INFO]: Start to generate file
2024-07-13 09:17:21,342 :[INFO]: セパレートファイル名 : 20240713091721342715.wav
2024-07-13 09:17:21,826 :[INFO]: セパレートファイル生成完了
2024-07-13 09:17:21,826 :[INFO]: 次の作業に移行します
2024-07-13 09:17:21,826 :[INFO]: ファイルの結合を開始します
2024-07-13 09:18:18,502 :[INFO]: == Activate onomatopoeia auto-generation mode ==
2024-07-13 09:18:18,504 :[INFO]: 1 generated word : ムカムカ
2024-07-13 09:18:18,504 :[INFO]: Start to generate file
2024-07-13 09:18:18,505 :[INFO]: セパレートファイル名 : 20240713091818504994.wav
2024-07-13 09:18:19,043 :[INFO]: セパレートファイル生成完了
2024-07-13 09:18:19,043 :[INFO]: 次の作業に移行します
2024-07-13 09:18:19,043 :[INFO]: 2 generated word : うろうろ
2024-07-13 09:18:19,043 :[INFO]: Start to generate file
2024-07-13 09:18:19,043 :[INFO]: セパレートファイル名 : 20240713091819043815.wav
2024-07-13 09:18:19,504 :[INFO]: セパレートファイル生成完了
2024-07-13 09:18:19,504 :[INFO]: 次の作業に移行します
2024-07-13 09:18:19,504 :[INFO]: ファイルの結合を開始します
2024-07-13 09:19:13,808 :[INFO]: == Activate onomatopoeia auto-generation mode ==
2024-07-13 09:19:13,810 :[INFO]: 1 generated word : こってり
2024-07-13 09:19:13,810 :[INFO]: Start to generate file
2024-07-13 09:19:13,810 :[INFO]: セパレートファイル名 : 20240713091913810295.wav
2024-07-13 09:19:14,360 :[INFO]: セパレートファイル生成完了
2024-07-13 09:19:14,360 :[INFO]: 次の作業に移行します
2024-07-13 09:19:14,360 :[INFO]: 2 generated word : こそこそ
2024-07-13 09:19:14,360 :[INFO]: Start to generate file
2024-07-13 09:19:14,360 :[INFO]: セパレートファイル名 : 20240713091914360723.wav
2024-07-13 09:19:14,827 :[INFO]: セパレートファイル生成完了
2024-07-13 09:19:14,827 :[INFO]: 次の作業に移行します
2024-07-13 09:19:14,827 :[INFO]: ファイルの結合を開始します
2024-07-13 09:19:23,887 :[INFO]: == Activate onomatopoeia auto-generation mode ==
2024-07-13 09:19:23,889 :[INFO]: 1 generated word : ギコギコ
2024-07-13 09:19:23,890 :[INFO]: Start to generate file
2024-07-13 09:19:23,890 :[INFO]: セパレートファイル名 : 20240713091923890129.wav
2024-07-13 09:19:24,432 :[INFO]: セパレートファイル生成完了
2024-07-13 09:19:24,432 :[INFO]: 次の作業に移行します
2024-07-13 09:19:24,433 :[INFO]: 2 generated word : パンパン
2024-07-13 09:19:24,433 :[INFO]: Start to generate file
2024-07-13 09:19:24,433 :[INFO]: セパレートファイル名 : 20240713091924433143.wav
2024-07-13 09:19:24,928 :[INFO]: セパレートファイル生成完了
2024-07-13 09:19:24,928 :[INFO]: 次の作業に移行します
2024-07-13 09:19:24,929 :[INFO]: ファイルの結合を開始します
2024-07-13 09:19:55,351 :[INFO]: == Activate onomatopoeia auto-generation mode ==
2024-07-13 09:19:55,353 :[INFO]: 1 generated word : プシュッ
2024-07-13 09:19:55,354 :[INFO]: Start to generate file
2024-07-13 09:19:55,354 :[INFO]: セパレートファイル名 : 20240713091955354176.wav
2024-07-13 09:19:55,839 :[INFO]: セパレートファイル生成完了
2024-07-13 09:19:55,839 :[INFO]: 次の作業に移行します
2024-07-13 09:19:55,840 :[INFO]: 2 generated word : グツグツ
2024-07-13 09:19:55,840 :[INFO]: Start to generate file
2024-07-13 09:19:55,840 :[INFO]: セパレートファイル名 : 20240713091955840201.wav
2024-07-13 09:19:56,315 :[INFO]: セパレートファイル生成完了
2024-07-13 09:19:56,315 :[INFO]: 次の作業に移行します
2024-07-13 09:19:56,315 :[INFO]: ファイルの結合を開始します
2024-07-13 09:29:00,382 :[INFO]: == Activate onomatopoeia auto-generation mode ==
2024-07-13 09:29:00,384 :[INFO]: 1 generated word : ひりひり
2024-07-13 09:29:00,385 :[INFO]: Start to generate file
2024-07-13 09:29:00,385 :[INFO]: セパレートファイル名 : 20240713092900385065.wav
2024-07-13 09:29:00,882 :[INFO]: セパレートファイル生成完了
2024-07-13 09:29:00,882 :[INFO]: 次の作業に移行します
2024-07-13 09:29:00,882 :[INFO]: 2 generated word : そわそわ
2024-07-13 09:29:00,883 :[INFO]: Start to generate file
2024-07-13 09:29:00,883 :[INFO]: セパレートファイル名 : 20240713092900883105.wav
2024-07-13 09:29:01,372 :[INFO]: セパレートファイル生成完了
2024-07-13 09:29:01,372 :[INFO]: 次の作業に移行します
2024-07-13 09:29:01,372 :[INFO]: ファイルの結合を開始します
2024-07-13 09:30:03,815 :[INFO]: == Activate onomatopoeia auto-generation mode ==
2024-07-13 09:30:03,817 :[INFO]: 1 generated word : ハキハキ
2024-07-13 09:30:03,817 :[INFO]: Start to generate file
2024-07-13 09:30:03,817 :[INFO]: セパレートファイル名 : 20240713093003817567.wav
2024-07-13 09:30:04,365 :[INFO]: セパレートファイル生成完了
2024-07-13 09:30:04,365 :[INFO]: 次の作業に移行します
2024-07-13 09:30:04,366 :[INFO]: 2 generated word : ばしゃばしゃ
2024-07-13 09:30:04,366 :[INFO]: Start to generate file
2024-07-13 09:30:04,366 :[INFO]: セパレートファイル名 : 20240713093004366175.wav
2024-07-13 09:30:04,857 :[INFO]: セパレートファイル生成完了
2024-07-13 09:30:04,857 :[INFO]: 次の作業に移行します
2024-07-13 09:30:04,858 :[INFO]: ファイルの結合を開始します
2024-07-13 09:31:48,400 :[INFO]: == Activate onomatopoeia auto-generation mode ==
2024-07-13 09:31:48,403 :[INFO]: 1 generated word : グキッ
2024-07-13 09:31:48,403 :[INFO]: Start to generate file
2024-07-13 09:31:48,403 :[INFO]: セパレートファイル名 : 20240713093148403936.wav
2024-07-13 09:31:48,947 :[INFO]: セパレートファイル生成完了
2024-07-13 09:31:48,947 :[INFO]: 次の作業に移行します
2024-07-13 09:31:48,947 :[INFO]: 2 generated word : ジュージュー
2024-07-13 09:31:48,947 :[INFO]: Start to generate file
2024-07-13 09:31:48,948 :[INFO]: セパレートファイル名 : 20240713093148948039.wav
2024-07-13 09:31:49,446 :[INFO]: セパレートファイル生成完了
2024-07-13 09:31:49,446 :[INFO]: 次の作業に移行します
2024-07-13 09:31:49,446 :[INFO]: ファイルの結合を開始します
2024-07-13 09:32:01,648 :[INFO]: == Activate onomatopoeia auto-generation mode ==
2024-07-13 09:32:01,650 :[INFO]: 1 generated word : ピヨピヨ
2024-07-13 09:32:01,650 :[INFO]: Start to generate file
2024-07-13 09:32:01,651 :[INFO]: セパレートファイル名 : 20240713093201651072.wav
2024-07-13 09:32:02,237 :[INFO]: セパレートファイル生成完了
2024-07-13 09:32:02,237 :[INFO]: 次の作業に移行します
2024-07-13 09:32:02,237 :[INFO]: 2 generated word : よろよろ
2024-07-13 09:32:02,238 :[INFO]: Start to generate file
2024-07-13 09:32:02,238 :[INFO]: セパレートファイル名 : 20240713093202238117.wav
2024-07-13 09:32:02,709 :[INFO]: セパレートファイル生成完了
2024-07-13 09:32:02,709 :[INFO]: 次の作業に移行します
2024-07-13 09:32:02,709 :[INFO]: ファイルの結合を開始します
2024-07-13 09:41:14,864 :[INFO]: == Activate onomatopoeia auto-generation mode ==
2024-07-13 09:41:14,866 :[INFO]: 1 generated word : ゴクゴク
2024-07-13 09:41:14,866 :[INFO]: Start to generate file
2024-07-13 09:41:14,866 :[INFO]: セパレートファイル名 : 20240713094114866808.wav
2024-07-13 09:41:15,384 :[INFO]: セパレートファイル生成完了
2024-07-13 09:41:15,384 :[INFO]: 次の作業に移行します
2024-07-13 09:41:15,384 :[INFO]: 2 generated word : ごつごつ
2024-07-13 09:41:15,384 :[INFO]: Start to generate file
2024-07-13 09:41:15,384 :[INFO]: セパレートファイル名 : 20240713094115384851.wav
2024-07-13 09:41:15,857 :[INFO]: セパレートファイル生成完了
2024-07-13 09:41:15,857 :[INFO]: 次の作業に移行します
2024-07-13 09:41:15,858 :[INFO]: ファイルの結合を開始します
2024-07-13 09:43:32,093 :[INFO]: == Activate onomatopoeia auto-generation mode ==
2024-07-13 09:43:32,095 :[INFO]: 1 generated word : ふわふわ
2024-07-13 09:43:32,095 :[INFO]: Start to generate file
2024-07-13 09:43:32,096 :[INFO]: セパレートファイル名 : 20240713094332096059.wav
2024-07-13 09:43:32,633 :[INFO]: セパレートファイル生成完了
2024-07-13 09:43:32,633 :[INFO]: 次の作業に移行します
2024-07-13 09:43:32,633 :[INFO]: 2 generated word : へなへな
2024-07-13 09:43:32,633 :[INFO]: Start to generate file
2024-07-13 09:43:32,634 :[INFO]: セパレートファイル名 : 20240713094332634017.wav
2024-07-13 09:43:33,109 :[INFO]: セパレートファイル生成完了
2024-07-13 09:43:33,109 :[INFO]: 次の作業に移行します
2024-07-13 09:43:33,109 :[INFO]: ファイルの結合を開始します
2024-07-13 09:44:33,648 :[INFO]: == Activate onomatopoeia auto-generation mode ==
2024-07-13 09:44:33,650 :[INFO]: 1 generated word : シャカシャカ
2024-07-13 09:44:33,650 :[INFO]: Start to generate file
2024-07-13 09:44:33,651 :[INFO]: セパレートファイル名 : 20240713094433650983.wav
2024-07-13 09:44:34,174 :[INFO]: セパレートファイル生成完了
2024-07-13 09:44:34,174 :[INFO]: 次の作業に移行します
2024-07-13 09:44:34,174 :[INFO]: 2 generated word : ギスギス
2024-07-13 09:44:34,174 :[INFO]: Start to generate file
2024-07-13 09:44:34,174 :[INFO]: セパレートファイル名 : 20240713094434174975.wav
2024-07-13 09:44:34,655 :[INFO]: セパレートファイル生成完了
2024-07-13 09:44:34,656 :[INFO]: 次の作業に移行します
2024-07-13 09:44:34,656 :[INFO]: ファイルの結合を開始します
2024-07-13 09:45:54,010 :[INFO]: == Activate onomatopoeia auto-generation mode ==
2024-07-13 09:45:54,013 :[INFO]: 1 generated word : ぶつぶつ
2024-07-13 09:45:54,014 :[INFO]: Start to generate file
2024-07-13 09:45:54,014 :[INFO]: セパレートファイル名 : 20240713094554014268.wav
2024-07-13 09:45:54,532 :[INFO]: セパレートファイル生成完了
2024-07-13 09:45:54,532 :[INFO]: 次の作業に移行します
2024-07-13 09:45:54,532 :[INFO]: 2 generated word : ひんやり
2024-07-13 09:45:54,532 :[INFO]: Start to generate file
2024-07-13 09:45:54,532 :[INFO]: セパレートファイル名 : 20240713094554532341.wav
2024-07-13 09:45:54,990 :[INFO]: セパレートファイル生成完了
2024-07-13 09:45:54,990 :[INFO]: 次の作業に移行します
2024-07-13 09:45:54,990 :[INFO]: ファイルの結合を開始します
2024-07-13 09:46:09,952 :[INFO]: == Activate onomatopoeia auto-generation mode ==
2024-07-13 09:46:09,954 :[INFO]: 1 generated word : ヨレヨレ
2024-07-13 09:46:09,955 :[INFO]: Start to generate file
2024-07-13 09:46:09,955 :[INFO]: セパレートファイル名 : 20240713094609955147.wav
2024-07-13 09:46:10,460 :[INFO]: セパレートファイル生成完了
2024-07-13 09:46:10,460 :[INFO]: 次の作業に移行します
2024-07-13 09:46:10,460 :[INFO]: 2 generated word : しゅわしゅわ
2024-07-13 09:46:10,460 :[INFO]: Start to generate file
2024-07-13 09:46:10,460 :[INFO]: セパレートファイル名 : 20240713094610460591.wav
2024-07-13 09:46:10,941 :[INFO]: セパレートファイル生成完了
2024-07-13 09:46:10,941 :[INFO]: 次の作業に移行します
2024-07-13 09:46:10,941 :[INFO]: ファイルの結合を開始します
2024-07-13 09:48:31,580 :[INFO]: == Activate onomatopoeia auto-generation mode ==
2024-07-13 09:48:31,582 :[INFO]: 1 generated word : バラバラ
2024-07-13 09:48:31,582 :[INFO]: Start to generate file
2024-07-13 09:48:31,582 :[INFO]: セパレートファイル名 : 20240713094831582262.wav
2024-07-13 09:48:32,088 :[INFO]: セパレートファイル生成完了
2024-07-13 09:48:32,088 :[INFO]: 次の作業に移行します
2024-07-13 09:48:32,088 :[INFO]: 2 generated word : ズルズル
2024-07-13 09:48:32,089 :[INFO]: Start to generate file
2024-07-13 09:48:32,089 :[INFO]: セパレートファイル名 : 20240713094832089109.wav
2024-07-13 09:48:32,592 :[INFO]: セパレートファイル生成完了
2024-07-13 09:48:32,593 :[INFO]: 次の作業に移行します
2024-07-13 09:48:32,593 :[INFO]: ファイルの結合を開始します
2024-07-13 09:48:32,598 :[INFO]: 結合完了 : 完成したファイル名 -> 20240713094832593521.wav
2024-07-13 09:48:32,598 :[INFO]: 以上で動作を終了します
2024-07-13 09:48:50,095 :[INFO]: == Activate onomatopoeia auto-generation mode ==
2024-07-13 09:48:50,097 :[INFO]: 1 generated word : ギコギコ
2024-07-13 09:48:50,097 :[INFO]: Start to generate file
2024-07-13 09:48:50,097 :[INFO]: セパレートファイル名 : 20240713094850097907.wav
2024-07-13 09:48:50,645 :[INFO]: セパレートファイル生成完了
2024-07-13 09:48:50,645 :[INFO]: 次の作業に移行します
2024-07-13 09:48:50,645 :[INFO]: 2 generated word : ぶつぶつ
2024-07-13 09:48:50,646 :[INFO]: Start to generate file
2024-07-13 09:48:50,646 :[INFO]: セパレートファイル名 : 20240713094850646107.wav
2024-07-13 09:48:51,144 :[INFO]: セパレートファイル生成完了
2024-07-13 09:48:51,144 :[INFO]: 次の作業に移行します
2024-07-13 09:48:51,144 :[INFO]: ファイルの結合を開始します
2024-07-13 09:48:51,148 :[INFO]: 結合完了 : 完成したファイル名 -> 20240713094851145248.wav
2024-07-13 09:48:51,148 :[INFO]: 以上で動作を終了します
2024-07-13 09:49:14,211 :[INFO]: == Activate onomatopoeia auto-generation mode ==
2024-07-13 09:49:14,213 :[INFO]: 1 generated word : ワイワイ
2024-07-13 09:49:14,213 :[INFO]: Start to generate file
2024-07-13 09:49:14,213 :[INFO]: セパレートファイル名 : 20240713094914213480.wav
2024-07-13 09:49:14,796 :[INFO]: セパレートファイル生成完了
2024-07-13 09:49:14,796 :[INFO]: 次の作業に移行します
2024-07-13 09:49:14,796 :[INFO]: 2 generated word : メェー
2024-07-13 09:49:14,797 :[INFO]: Start to generate file
2024-07-13 09:49:14,797 :[INFO]: セパレートファイル名 : 20240713094914797120.wav
2024-07-13 09:49:15,232 :[INFO]: セパレートファイル生成完了
2024-07-13 09:49:15,232 :[INFO]: 次の作業に移行します
2024-07-13 09:49:15,232 :[INFO]: ファイルの結合を開始します
2024-07-13 09:49:15,236 :[INFO]: 結合完了 : 完成したファイル名 -> 20240713094915232782.wav
2024-07-13 09:49:15,236 :[INFO]: 以上で動作を終了します
2024-07-13 09:50:04,085 :[INFO]: == Activate onomatopoeia auto-generation mode ==
2024-07-13 09:50:04,087 :[INFO]: 1 generated word : ぞくぞく
2024-07-13 09:50:04,087 :[INFO]: Start to generate file
2024-07-13 09:50:04,087 :[INFO]: セパレートファイル名 : 20240713095004087925.wav
2024-07-13 09:50:04,594 :[INFO]: セパレートファイル生成完了
2024-07-13 09:50:04,594 :[INFO]: 次の作業に移行します
2024-07-13 09:50:04,595 :[INFO]: 2 generated word : ハキハキ
2024-07-13 09:50:04,595 :[INFO]: Start to generate file
2024-07-13 09:50:04,595 :[INFO]: セパレートファイル名 : 20240713095004595205.wav
2024-07-13 09:50:05,063 :[INFO]: セパレートファイル生成完了
2024-07-13 09:50:05,063 :[INFO]: 次の作業に移行します
2024-07-13 09:50:05,064 :[INFO]: ファイルの結合を開始します
2024-07-13 09:50:05,068 :[INFO]: 結合完了 : 完成したファイル名 -> 20240713095005064873.wav
2024-07-13 09:50:05,068 :[INFO]: 以上で動作を終了します
2024-07-13 09:51:00,450 :[INFO]: == Activate onomatopoeia auto-generation mode ==
2024-07-13 09:51:00,453 :[INFO]: 1 generated word : ドキドキ
2024-07-13 09:51:00,454 :[INFO]: Start to generate file
2024-07-13 09:51:00,454 :[INFO]: セパレートファイル名 : 20240713095100454300.wav
2024-07-13 09:51:01,032 :[INFO]: セパレートファイル生成完了
2024-07-13 09:51:01,033 :[INFO]: 次の作業に移行します
2024-07-13 09:51:01,033 :[INFO]: 2 generated word : なみなみ
2024-07-13 09:51:01,033 :[INFO]: Start to generate file
2024-07-13 09:51:01,033 :[INFO]: セパレートファイル名 : 20240713095101033552.wav
2024-07-13 09:51:01,504 :[INFO]: セパレートファイル生成完了
2024-07-13 09:51:01,504 :[INFO]: 次の作業に移行します
2024-07-13 09:51:01,504 :[INFO]: ファイルの結合を開始します
2024-07-13 09:51:01,508 :[INFO]: 結合完了 : 完成したファイル名 -> 20240713095101504580.wav
2024-07-13 09:51:01,508 :[INFO]: 以上で動作を終了します
2024-07-13 09:51:17,968 :[INFO]: == Activate onomatopoeia auto-generation mode ==
2024-07-13 09:51:17,969 :[INFO]: 1 generated word : てきぱき
2024-07-13 09:51:17,969 :[INFO]: Start to generate file
2024-07-13 09:51:17,970 :[INFO]: セパレートファイル名 : 20240713095117969922.wav
2024-07-13 09:51:18,517 :[INFO]: セパレートファイル生成完了
2024-07-13 09:51:18,517 :[INFO]: 次の作業に移行します
2024-07-13 09:51:18,517 :[INFO]: 2 generated word : カンカン
2024-07-13 09:51:18,517 :[INFO]: Start to generate file
2024-07-13 09:51:18,517 :[INFO]: セパレートファイル名 : 20240713095118517480.wav
2024-07-13 09:51:18,977 :[INFO]: セパレートファイル生成完了
2024-07-13 09:51:18,977 :[INFO]: 次の作業に移行します
2024-07-13 09:51:18,977 :[INFO]: ファイルの結合を開始します
2024-07-13 09:51:18,982 :[INFO]: 結合完了 : 完成したファイル名 -> 20240713095118977898.wav
2024-07-13 09:51:18,982 :[INFO]: 以上で動作を終了します
2024-07-13 09:52:02,750 :[INFO]: == Activate onomatopoeia auto-generation mode ==
2024-07-13 09:52:02,752 :[INFO]: 1 generated word : どんより
2024-07-13 09:52:02,753 :[INFO]: Start to generate file
2024-07-13 09:52:02,753 :[INFO]: セパレートファイル名 : 20240713095202753186.wav
2024-07-13 09:52:03,287 :[INFO]: セパレートファイル生成完了
2024-07-13 09:52:03,287 :[INFO]: 次の作業に移行します
2024-07-13 09:52:03,287 :[INFO]: 2 generated word : ぐったり
2024-07-13 09:52:03,287 :[INFO]: Start to generate file
2024-07-13 09:52:03,287 :[INFO]: セパレートファイル名 : 20240713095203287372.wav
2024-07-13 09:52:03,758 :[INFO]: セパレートファイル生成完了
2024-07-13 09:52:03,758 :[INFO]: 次の作業に移行します
2024-07-13 09:52:03,758 :[INFO]: 3 generated word : メェー
2024-07-13 09:52:03,758 :[INFO]: Start to generate file
2024-07-13 09:52:03,758 :[INFO]: セパレートファイル名 : 20240713095203758621.wav
2024-07-13 09:52:04,192 :[INFO]: セパレートファイル生成完了
2024-07-13 09:52:04,192 :[INFO]: 次の作業に移行します
2024-07-13 09:52:04,192 :[INFO]: 4 generated word : ブルブル
2024-07-13 09:52:04,192 :[INFO]: Start to generate file
2024-07-13 09:52:04,192 :[INFO]: セパレートファイル名 : 20240713095204192411.wav
2024-07-13 09:52:04,655 :[INFO]: セパレートファイル生成完了
2024-07-13 09:52:04,655 :[INFO]: 次の作業に移行します
2024-07-13 09:52:04,655 :[INFO]: 5 generated word : クタクタ
2024-07-13 09:52:04,655 :[INFO]: Start to generate file
2024-07-13 09:52:04,655 :[INFO]: セパレートファイル名 : 20240713095204655891.wav
2024-07-13 09:52:05,107 :[INFO]: セパレートファイル生成完了
2024-07-13 09:52:05,107 :[INFO]: 次の作業に移行します
2024-07-13 09:52:05,107 :[INFO]: 6 generated word : ザラザラ
2024-07-13 09:52:05,107 :[INFO]: Start to generate file
2024-07-13 09:52:05,107 :[INFO]: セパレートファイル名 : 20240713095205107555.wav
2024-07-13 09:52:05,560 :[INFO]: セパレートファイル生成完了
2024-07-13 09:52:05,560 :[INFO]: 次の作業に移行します
2024-07-13 09:52:05,560 :[INFO]: 7 generated word : ポカポカ
2024-07-13 09:52:05,560 :[INFO]: Start to generate file
2024-07-13 09:52:05,560 :[INFO]: セパレートファイル名 : 20240713095205560950.wav
2024-07-13 09:52:06,052 :[INFO]: セパレートファイル生成完了
2024-07-13 09:52:06,052 :[INFO]: 次の作業に移行します
2024-07-13 09:52:06,052 :[INFO]: 8 generated word : ぼさぼさ
2024-07-13 09:52:06,052 :[INFO]: Start to generate file
2024-07-13 09:52:06,052 :[INFO]: セパレートファイル名 : 20240713095206052940.wav
2024-07-13 09:52:06,526 :[INFO]: セパレートファイル生成完了
2024-07-13 09:52:06,527 :[INFO]: 次の作業に移行します
2024-07-13 09:52:06,527 :[INFO]: 9 generated word : ブクブク
2024-07-13 09:52:06,527 :[INFO]: Start to generate file
2024-07-13 09:52:06,527 :[INFO]: セパレートファイル名 : 20240713095206527238.wav
2024-07-13 09:52:06,989 :[INFO]: セパレートファイル生成完了
2024-07-13 09:52:06,989 :[INFO]: 次の作業に移行します
2024-07-13 09:52:06,989 :[INFO]: 10 generated word : ぶらぶら
2024-07-13 09:52:06,989 :[INFO]: Start to generate file
2024-07-13 09:52:06,989 :[INFO]: セパレートファイル名 : 20240713095206989530.wav
2024-07-13 09:52:07,451 :[INFO]: セパレートファイル生成完了
2024-07-13 09:52:07,451 :[INFO]: 次の作業に移行します
2024-07-13 09:52:07,451 :[INFO]: 11 generated word : トントン
2024-07-13 09:52:07,451 :[INFO]: Start to generate file
2024-07-13 09:52:07,451 :[INFO]: セパレートファイル名 : 20240713095207451908.wav
2024-07-13 09:52:07,904 :[INFO]: セパレートファイル生成完了
2024-07-13 09:52:07,904 :[INFO]: 次の作業に移行します
2024-07-13 09:52:07,904 :[INFO]: 12 generated word : おどおど
2024-07-13 09:52:07,904 :[INFO]: Start to generate file
2024-07-13 09:52:07,904 :[INFO]: セパレートファイル名 : 20240713095207904601.wav
2024-07-13 09:52:08,356 :[INFO]: セパレートファイル生成完了
2024-07-13 09:52:08,356 :[INFO]: 次の作業に移行します
2024-07-13 09:52:08,356 :[INFO]: 13 generated word : ぐちゃぐちゃ
2024-07-13 09:52:08,356 :[INFO]: Start to generate file
2024-07-13 09:52:08,356 :[INFO]: セパレートファイル名 : 20240713095208356415.wav
2024-07-13 09:52:08,888 :[INFO]: セパレートファイル生成完了
2024-07-13 09:52:08,888 :[INFO]: 次の作業に移行します
2024-07-13 09:52:08,888 :[INFO]: 14 generated word : うっかり
2024-07-13 09:52:08,888 :[INFO]: Start to generate file
2024-07-13 09:52:08,888 :[INFO]: セパレートファイル名 : 20240713095208888625.wav
2024-07-13 09:52:09,377 :[INFO]: セパレートファイル生成完了
2024-07-13 09:52:09,377 :[INFO]: 次の作業に移行します
2024-07-13 09:52:09,377 :[INFO]: 15 generated word : グワッグワッ
2024-07-13 09:52:09,377 :[INFO]: Start to generate file
2024-07-13 09:52:09,377 :[INFO]: セパレートファイル名 : 20240713095209377481.wav
2024-07-13 09:52:09,890 :[INFO]: セパレートファイル生成完了
2024-07-13 09:52:09,890 :[INFO]: 次の作業に移行します
2024-07-13 09:52:09,891 :[INFO]: 16 generated word : ガツガツ
2024-07-13 09:52:09,891 :[INFO]: Start to generate file
2024-07-13 09:52:09,891 :[INFO]: セパレートファイル名 : 20240713095209891199.wav
2024-07-13 09:52:10,376 :[INFO]: セパレートファイル生成完了
2024-07-13 09:52:10,376 :[INFO]: 次の作業に移行します
2024-07-13 09:52:10,376 :[INFO]: ファイルの結合を開始します
2024-07-13 09:52:10,403 :[INFO]: 結合完了 : 完成したファイル名 -> 20240713095210376542.wav
2024-07-13 09:52:10,403 :[INFO]: 以上で動作を終了します
2024-07-13 10:00:57,052 :[INFO]: == Activate onomatopoeia auto-generation mode ==
2024-07-13 10:00:57,054 :[INFO]: 1 generated word : ピーポーピーポー
2024-07-13 10:00:57,054 :[INFO]: Start to generate file
2024-07-13 10:00:57,054 :[INFO]: セパレートファイル名 : 20240713100057054719.wav
2024-07-13 10:00:57,703 :[INFO]: セパレートファイル生成完了
2024-07-13 10:00:57,703 :[INFO]: 次の作業に移行します
2024-07-13 10:00:57,703 :[INFO]: 2 generated word : ケロケロ
2024-07-13 10:00:57,703 :[INFO]: Start to generate file
2024-07-13 10:00:57,703 :[INFO]: セパレートファイル名 : 20240713100057703434.wav
2024-07-13 10:00:58,177 :[INFO]: セパレートファイル生成完了
2024-07-13 10:00:58,177 :[INFO]: 次の作業に移行します
2024-07-13 10:00:58,178 :[INFO]: 3 generated word : チューチュー 
2024-07-13 10:00:58,178 :[INFO]: Start to generate file
2024-07-13 10:00:58,178 :[INFO]: セパレートファイル名 : 20240713100058178213.wav
2024-07-13 10:00:58,663 :[INFO]: セパレートファイル生成完了
2024-07-13 10:00:58,663 :[INFO]: 次の作業に移行します
2024-07-13 10:00:58,663 :[INFO]: ファイルの結合を開始します
2024-07-13 10:00:58,670 :[INFO]: 結合完了 : 完成したファイル名 -> 20240713100058664045.wav
2024-07-13 10:00:58,670 :[INFO]: 以上で動作を終了します
